<?xml version="1.0" encoding="UTF-8"?>
<!-- Generated by org.testng.reporters.JUnitXMLReporter -->
<testsuite hostname="DESKTOP-44C8QOI" name="Test" tests="1" failures="1" timestamp="28 Aug 2020 11:24:27 GMT" time="0.052" errors="0">
  <testcase name="m2" time="0.019" classname="Practice.Grouping">
    <failure type="java.lang.AssertionError" message="expected [true] but found [false]">
      <![CDATA[java.lang.AssertionError: expected [true] but found [false]
	at Practice.Grouping.m2(Grouping.java:16)
... Removed 29 stack frames]]>
    </failure>
  </testcase> <!-- m2 -->
</testsuite> <!-- Test -->
